This file contains any messages produced by compilers while
running configure, to aid debugging if configure makes a mistake.

It was created by FoX configure 4.0.4, which was
generated by GNU Autoconf 2.61.  Invocation command line was

  $ /home/xmqin/software/HONPAS/DM_screen/Src/FoX/configure VPATH=/home/xmqin/software/HONPAS/DM_screen/Src/FoX FC=f77 FCFLAGS= --enable-wcml

## --------- ##
## Platform. ##
## --------- ##

hostname = xmqin
uname -m = x86_64
uname -r = 2.6.32-696.10.1.el6.x86_64
uname -s = Linux
uname -v = #1 SMP Tue Aug 22 18:51:35 UTC 2017

/usr/bin/uname -p = unknown
/bin/uname -X     = unknown

/bin/arch              = x86_64
/usr/bin/arch -k       = unknown
/usr/convex/getsysinfo = unknown
/usr/bin/hostinfo      = unknown
/bin/machine           = unknown
/usr/bin/oslevel       = unknown
/bin/universe          = unknown

PATH: /opt/mpich/bin
PATH: /opt/intel/composer_xe_2011_sp1.8.273/bin/intel64
PATH: /usr/lib64/qt-3.3/bin
PATH: /usr/local/bin
PATH: /bin
PATH: /usr/bin
PATH: /usr/local/sbin
PATH: /usr/sbin
PATH: /sbin
PATH: /opt/intel/composer_xe_2011_sp1.8.273/mpirt/bin/intel64
PATH: /home/xmqin/bin


## ----------- ##
## Core tests. ##
## ----------- ##

configure:1749: checking build system type
configure:1767: result: x86_64-unknown-linux-gnu
configure:1789: checking host system type
configure:1804: result: x86_64-unknown-linux-gnu
configure:1941: checking for Fortran compiler version
configure:1944: f77 --version </dev/null >&5
/home/xmqin/software/HONPAS/DM_screen/Src/FoX/configure: line 1945: f77: command not found
configure:1947: $? = 127
configure:1949: f77 -v </dev/null >&5
/home/xmqin/software/HONPAS/DM_screen/Src/FoX/configure: line 1950: f77: command not found
configure:1952: $? = 127
configure:1954: f77 -V </dev/null >&5
/home/xmqin/software/HONPAS/DM_screen/Src/FoX/configure: line 1955: f77: command not found
configure:1957: $? = 127
configure:1970: checking for linker flag to name executables
configure:1978: $FC $ac_link_obj_flag""conftest$ac_exeext $FCFLAGS $LDFLAGS $FCFLAGS_SRCEXT conftest.$ac_ext $LIBS >&5
/home/xmqin/software/HONPAS/DM_screen/Src/FoX/configure: line 1979: f77: command not found
configure:1981: $? = 127
configure:1978: $FC $ac_link_obj_flag""conftest$ac_exeext $FCFLAGS $LDFLAGS $FCFLAGS_SRCEXT conftest.$ac_ext $LIBS >&5
/home/xmqin/software/HONPAS/DM_screen/Src/FoX/configure: line 1979: f77: command not found
configure:1981: $? = 127
configure:1978: $FC $ac_link_obj_flag""conftest$ac_exeext $FCFLAGS $LDFLAGS $FCFLAGS_SRCEXT conftest.$ac_ext $LIBS >&5
/home/xmqin/software/HONPAS/DM_screen/Src/FoX/configure: line 1979: f77: command not found
configure:1981: $? = 127
configure:1991: error: Could not determine flag to name executables
See `config.log' for more details.

## ---------------- ##
## Cache variables. ##
## ---------------- ##

ac_cv_build=x86_64-unknown-linux-gnu
ac_cv_env_CC_set=
ac_cv_env_CC_value=
ac_cv_env_CFLAGS_set=
ac_cv_env_CFLAGS_value=
ac_cv_env_CPPFLAGS_set=
ac_cv_env_CPPFLAGS_value=
ac_cv_env_CPP_set=
ac_cv_env_CPP_value=
ac_cv_env_FCFLAGS_set=set
ac_cv_env_FCFLAGS_value=
ac_cv_env_FC_set=set
ac_cv_env_FC_value=f77
ac_cv_env_FPPFLAGS_set=
ac_cv_env_FPPFLAGS_value=
ac_cv_env_FPP_set=
ac_cv_env_FPP_value=
ac_cv_env_LDFLAGS_set=
ac_cv_env_LDFLAGS_value=
ac_cv_env_LIBS_set=
ac_cv_env_LIBS_value=
ac_cv_env_build_alias_set=
ac_cv_env_build_alias_value=
ac_cv_env_host_alias_set=
ac_cv_env_host_alias_value=
ac_cv_env_target_alias_set=
ac_cv_env_target_alias_value=
ac_cv_host=x86_64-unknown-linux-gnu

## ----------------- ##
## Output variables. ##
## ----------------- ##

BUILD_TARGETS=''
CC=''
CFLAGS=''
CPP=''
CPPFLAGS=''
CYGPATH_W=''
DEFS=''
DP_KIND=''
ECHO_C=''
ECHO_N='-n'
ECHO_T=''
EXEEXT=''
F90_RULE=''
FC='f77'
FCFLAGS=''
FCFLAGS_free_f90=''
FC_MODEXT=''
FC_MODUPPERCASE=''
FC_MOD_FLAG=''
FFLAGS=''
FFLAGS_MPI=''
FPP=''
FPPDIRECT_FALSE=''
FPPDIRECT_TRUE=''
FPPFLAGS=''
FPPFLAGS_DEF=''
FPPFLAGS_fixed_F=''
FPPFLAGS_free_F90=''
FPP_COMPILE_EXT=''
FPP_MAKE_FLAGS=''
FPP_OUTPUT=''
FPP_PREPROCESS_EXT=''
INSTALL_DATA=''
INSTALL_PROGRAM=''
INSTALL_SCRIPT=''
LDFLAGS=''
LIBEXT=''
LIBOBJS=''
LIBS=''
LINK_O_FLAG=''
LTLIBOBJS=''
OBJEXT=''
OBJSDIR=''
PACKAGE_BUGREPORT='tow@uszla.me.uk'
PACKAGE_NAME='FoX'
PACKAGE_STRING='FoX 4.0.4'
PACKAGE_TARNAME='fox'
PACKAGE_VERSION='4.0.4'
PATH_SEPARATOR=':'
RANLIB=''
SHELL='/bin/sh'
SP_KIND=''
VPATH='/home/xmqin/software/HONPAS/DM_screen/Src/FoX'
ac_ct_CC=''
ac_ct_FC=''
bindir='${exec_prefix}/bin'
build='x86_64-unknown-linux-gnu'
build_alias=''
build_cpu='x86_64'
build_os='linux-gnu'
build_vendor='unknown'
datadir='${datarootdir}'
datarootdir='${prefix}/share'
docdir='${datarootdir}/doc/${PACKAGE_TARNAME}'
dvidir='${docdir}'
exec_prefix='NONE'
host='x86_64-unknown-linux-gnu'
host_alias=''
host_cpu='x86_64'
host_os='linux-gnu'
host_vendor='unknown'
htmldir='${docdir}'
includedir='${prefix}/include'
infodir='${datarootdir}/info'
libdir='${exec_prefix}/lib'
libexecdir='${exec_prefix}/libexec'
localedir='${datarootdir}/locale'
localstatedir='${prefix}/var'
mandir='${datarootdir}/man'
oldincludedir='/usr/include'
pdfdir='${docdir}'
prefix='NONE'
program_transform_name='s,x,x,'
psdir='${docdir}'
sbindir='${exec_prefix}/sbin'
sharedstatedir='${prefix}/com'
sysconfdir='${prefix}/etc'
target_alias=''

## ----------- ##
## confdefs.h. ##
## ----------- ##

#define PACKAGE_NAME "FoX"
#define PACKAGE_TARNAME "fox"
#define PACKAGE_VERSION "4.0.4"
#define PACKAGE_STRING "FoX 4.0.4"
#define PACKAGE_BUGREPORT "tow@uszla.me.uk"

configure: exit 1
