
siesta_forces: label = h2o.fast
siesta_forces: cell (Ang) =
   10.000000    0.000000    0.000000
    0.000000   10.000000    0.000000
    0.000000    0.000000   10.000000
siesta_forces: xa (Ang) =
    0.000000    0.000000    0.000000
    0.757000    0.586000    0.000000
   -0.757000    0.586000    0.000000
siesta_forces: energy (eV) = -460.021344
siesta_forces: stress (eV/Ang**3) =
   -0.001193    0.000000    0.000000
    0.000000    0.001986    0.000000
    0.000000    0.000000    0.003338
siesta_forces: forces (eV/Ang) =
    0.000000   -5.014260    0.000000
    3.615474    2.461685    0.000000
   -3.615474    2.461685    0.000000

siesta_forces: label = h2o.conv
siesta_forces: cell (Ang) =
   10.000000    0.000000    0.000000
    0.000000   10.000000    0.000000
    0.000000    0.000000   10.000000
siesta_forces: xa (Ang) =
    0.000000    0.000000    0.000000
    0.757000    0.586000    0.000000
   -0.757000    0.586000    0.000000
siesta_forces: energy (eV) = -466.471851
siesta_forces: stress (eV/Ang**3) =
   -0.001507    0.000000    0.000000
    0.000000   -0.000780    0.000000
    0.000000    0.000000   -0.000130
siesta_forces: forces (eV/Ang) =
    0.000011   -1.259908    0.000001
    0.977782    0.609954    0.000000
   -0.977783    0.609955    0.000000

siesta_forces: label = h2o.fast
siesta_forces: cell (Ang) =
   10.000000    0.000000    0.000000
    0.000000   10.000000    0.000000
    0.000000    0.000000   10.000000
siesta_forces: xa (Ang) =
    0.000000    0.002541    0.000000
    0.728548    0.565930    0.000000
   -0.728548    0.565930    0.000000
siesta_forces: energy (eV) = -459.516110
siesta_forces: stress (eV/Ang**3) =
   -0.003937    0.000000    0.000000
    0.000000    0.000665    0.000000
    0.000000    0.000000    0.003460
siesta_forces: forces (eV/Ang) =
   -0.000013   -7.901236    0.000001
    5.765640    3.887351    0.000000
   -5.765639    3.887350    0.000000

siesta_forces: label = h2o.fast
siesta_forces: cell (Ang) =
   10.000000    0.000000    0.000000
    0.000000   10.000000    0.000000
    0.000000    0.000000   10.000000
siesta_forces: xa (Ang) =
    0.000000    0.003848    0.000000
    0.714510    0.555579    0.000000
   -0.714510    0.555579    0.000000
siesta_forces: energy (eV) = -459.186509
siesta_forces: stress (eV/Ang**3) =
   -0.005478    0.000000    0.000000
    0.000000   -0.000069    0.000000
    0.000000    0.000000    0.003526
siesta_forces: forces (eV/Ang) =
   -0.000003   -9.595346    0.000000
    7.029810    4.730502    0.000000
   -7.029806    4.730499    0.000000

siesta_forces: label = h2o.fast
siesta_forces: cell (Ang) =
   10.000000    0.000000    0.000000
    0.000000   10.000000    0.000000
    0.000000    0.000000   10.000000
siesta_forces: xa (Ang) =
    0.000000    0.003656    0.000000
    0.718047    0.557054    0.000000
   -0.718047    0.557054    0.000000
siesta_forces: energy (eV) = -459.261714
siesta_forces: stress (eV/Ang**3) =
   -0.005146    0.000000    0.000000
    0.000000    0.000092    0.000000
    0.000000    0.000000    0.003510
siesta_forces: forces (eV/Ang) =
    0.000001   -9.225365    0.000001
    6.746956    4.543587    0.000000
   -6.746952    4.543584    0.000000

siesta_forces: label = h2o.fast
siesta_forces: cell (Ang) =
   10.000000    0.000000    0.000000
    0.000000   10.000000    0.000000
    0.000000    0.000000   10.000000
siesta_forces: xa (Ang) =
    0.000000    0.002022    0.000000
    0.738452    0.569888    0.000000
   -0.738452    0.569888    0.000000
siesta_forces: energy (eV) = -459.685680
siesta_forces: stress (eV/Ang**3) =
   -0.003084    0.000000    0.000000
    0.000000    0.001078    0.000000
    0.000000    0.000000    0.003422
siesta_forces: forces (eV/Ang) =
   -0.000011   -7.004267   -0.000001
    5.079081    3.441887    0.000000
   -5.079078    3.441884    0.000000

siesta_forces: label = h2o.fast
siesta_forces: cell (Ang) =
   10.000000    0.000000    0.000000
    0.000000   10.000000    0.000000
    0.000000    0.000000   10.000000
siesta_forces: xa (Ang) =
    0.000000   -0.000707    0.000000
    0.771553    0.591327    0.000000
   -0.771553    0.591327    0.000000
siesta_forces: energy (eV) = -460.181286
siesta_forces: stress (eV/Ang**3) =
   -0.000100    0.000000    0.000000
    0.000000    0.002480    0.000000
    0.000000    0.000000    0.003287
siesta_forces: forces (eV/Ang) =
   -0.000004   -3.974504    0.000001
    2.796441    1.947603    0.000000
   -2.796440    1.947602    0.000000

siesta_forces: label = h2o.fast
siesta_forces: cell (Ang) =
   10.000000    0.000000    0.000000
    0.000000   10.000000    0.000000
    0.000000    0.000000   10.000000
siesta_forces: xa (Ang) =
    0.000000   -0.004056    0.000000
    0.811646    0.617635    0.000000
   -0.811646    0.617635    0.000000
siesta_forces: energy (eV) = -460.512680
siesta_forces: stress (eV/Ang**3) =
    0.003007    0.000000    0.000000
    0.000000    0.003897    0.000000
    0.000000    0.000000    0.003135
siesta_forces: forces (eV/Ang) =
   -0.000003   -1.086067    0.000005
    0.607322    0.524300    0.000000
   -0.607322    0.524299    0.000000

siesta_forces: label = h2o.fast
siesta_forces: cell (Ang) =
   10.000000    0.000000    0.000000
    0.000000   10.000000    0.000000
    0.000000    0.000000   10.000000
siesta_forces: xa (Ang) =
    0.000000   -0.007575    0.000000
    0.853258    0.645254    0.000000
   -0.853258    0.645254    0.000000
siesta_forces: energy (eV) = -460.619943
siesta_forces: stress (eV/Ang**3) =
    0.005494    0.000000    0.000000
    0.000000    0.004953    0.000000
    0.000000    0.000000    0.002978
siesta_forces: forces (eV/Ang) =
   -0.000005    1.018651    0.000003
   -1.020416   -0.515095    0.000000
    1.020415   -0.515095   -0.000001

siesta_forces: label = h2o.fast
siesta_forces: cell (Ang) =
   10.000000    0.000000    0.000000
    0.000000   10.000000    0.000000
    0.000000    0.000000   10.000000
siesta_forces: xa (Ang) =
    0.000000   -0.010935    0.000000
    0.892318    0.671584    0.000000
   -0.892318    0.671584    0.000000
siesta_forces: energy (eV) = -460.564472
siesta_forces: stress (eV/Ang**3) =
    0.007346    0.000000    0.000000
    0.000000    0.005734    0.000000
    0.000000    0.000000    0.002837
siesta_forces: forces (eV/Ang) =
   -0.000005    2.500659   -0.000002
   -2.147029   -1.240199    0.000000
    2.147028   -1.240198   -0.000001

siesta_forces: label = h2o.fast
siesta_forces: cell (Ang) =
   10.000000    0.000000    0.000000
    0.000000   10.000000    0.000000
    0.000000    0.000000   10.000000
siesta_forces: xa (Ang) =
    0.000000   -0.013904    0.000000
    0.926011    0.694815    0.000000
   -0.926011    0.694815    0.000000
siesta_forces: energy (eV) = -460.421869
siesta_forces: stress (eV/Ang**3) =
    0.008697    0.000000    0.000000
    0.000000    0.006289    0.000000
    0.000000    0.000000    0.002715
siesta_forces: forces (eV/Ang) =
    0.000002    3.499881    0.000003
   -2.900003   -1.731971    0.000000
    2.900002   -1.731970    0.000000

siesta_forces: label = h2o.fast
siesta_forces: cell (Ang) =
   10.000000    0.000000    0.000000
    0.000000   10.000000    0.000000
    0.000000    0.000000   10.000000
siesta_forces: xa (Ang) =
    0.000000   -0.016327    0.000000
    0.952453    0.713715    0.000000
   -0.952453    0.713715    0.000000
siesta_forces: energy (eV) = -460.261529
siesta_forces: stress (eV/Ang**3) =
    0.009500    0.000000    0.000000
    0.000000    0.006603    0.000000
    0.000000    0.000000    0.002614
siesta_forces: forces (eV/Ang) =
   -0.000008    4.084780   -0.000001
   -3.329905   -2.018402    0.000000
    3.329904   -2.018400    0.000001

siesta_forces: label = h2o.conv
siesta_forces: cell (Ang) =
   10.000000    0.000000    0.000000
    0.000000   10.000000    0.000000
    0.000000    0.000000   10.000000
siesta_forces: xa (Ang) =
    0.000000   -0.016327    0.000000
    0.952453    0.713715    0.000000
   -0.952453    0.713715    0.000000
siesta_forces: energy (eV) = -465.075036
siesta_forces: stress (eV/Ang**3) =
    0.008127    0.000000    0.000000
    0.000000    0.003953    0.000000
    0.000000    0.000000   -0.000141
siesta_forces: forces (eV/Ang) =
    0.000005    5.546489   -0.000026
   -4.264173   -2.728951    0.000000
    4.264173   -2.728950    0.000000
 sample: nt =           1
 sample: Ec =   7.03904659289373D-002  +/-   5.17361006776080D-010
 sample: Ep =  -465.075036427831       +/- ???????????????????????
 sample: Et =  -465.004645961902       +/-   5.19621246283135D-007
